[23:01:04] [main/INFO]: Loading Minecraft 1.21.5 with Fabric Loader 0.16.10
[23:01:04] [main/INFO]: Fabric is preparing JARs on first launch, this may take a few seconds...
[23:01:04] [main/INFO]: Loading 5 mods:
	- fabricloader 0.16.10
	   \-- mixinextras 0.4.1
	- java 21
	- lithium 0.16.0+mc1.21.5
	- minecraft 1.21.5
[23:01:04] [main/INFO]: SpongePowered MIXIN Subsystem Version=0.8.7 Source=file:/home/chiara/folgore/libraries/net/fabricmc/sponge-mixin/0.15.4+mixin.0.8.7/sponge-mixin-0.15.4+mixin.0.8.7.jar Service=Knot/Fabric Env=SERVER
[23:01:05] [main/INFO]: Compatibility level set to JAVA_21
[23:01:05] [main/INFO]: Loaded configuration file for Lithium: 147 options available, 0 override(s) found
[23:01:06] [main/INFO]: Initializing MixinExtras via com.llamalad7.mixinextras.service.MixinExtrasServiceImpl(version=0.4.1).
[23:01:17] [main/INFO]: Environment: Environment[sessionHost=https://sessionserver.mojang.com, servicesHost=https://api.minecraftservices.com, name=PROD]
[23:01:18] [main/INFO]: Found non-pack entry './world/datapacks/.DS_Store', ignoring
[23:01:20] [main/INFO]: Loaded 1373 recipes
[23:01:20] [main/INFO]: Loaded 1484 advancements
[23:01:21] [Server thread/INFO]: Starting minecraft server version 1.21.5
[23:01:21] [Server thread/INFO]: Loading properties
[23:01:21] [Server thread/INFO]: Default game type: SURVIVAL
[23:01:21] [Server thread/INFO]: Generating keypair
[23:01:21] [Server thread/INFO]: Starting Minecraft server on *:25565
[23:01:21] [Server thread/INFO]: Using epoll channel type
[23:01:21] [Server thread/INFO]: Preparing level "world"
[23:01:22] [Server thread/INFO]: Preparing start region for dimension minecraft:overworld
[23:01:28] [Worker-Main-2/INFO]: Preparing spawn area: 0%
[23:01:28] [Worker-Main-2/INFO]: Preparing spawn area: 0%
[23:01:28] [Worker-Main-2/INFO]: Preparing spawn area: 0%
[23:01:28] [Worker-Main-2/INFO]: Preparing spawn area: 0%
[23:01:28] [Worker-Main-2/INFO]: Preparing spawn area: 0%
[23:01:28] [Worker-Main-2/INFO]: Preparing spawn area: 0%
[23:01:28] [Worker-Main-2/INFO]: Preparing spawn area: 0%
[23:01:28] [Worker-Main-2/INFO]: Preparing spawn area: 0%
[23:01:28] [Worker-Main-2/INFO]: Preparing spawn area: 0%
[23:01:28] [Worker-Main-2/INFO]: Preparing spawn area: 0%
[23:01:28] [Worker-Main-2/INFO]: Preparing spawn area: 0%
[23:01:28] [Worker-Main-2/INFO]: Preparing spawn area: 0%
[23:01:28] [Worker-Main-2/INFO]: Preparing spawn area: 0%
[23:01:29] [Worker-Main-3/INFO]: Preparing spawn area: 8%
[23:01:29] [Server thread/INFO]: Time elapsed: 6793 ms
[23:01:29] [Server thread/INFO]: Done (7.689s)! For help, type "help"
[23:02:29] [Server thread/INFO]: Server empty for 60 seconds, pausing
[23:06:51] [User Authenticator #1/INFO]: UUID of player mira37eli is d66cbbe3-6fe4-4676-9df4-6582c9b483a9
[23:06:53] [Server thread/INFO]: mira37eli[/127.232.36.95:38095] logged in with entity id 6 at (26.30000001192093, 37.0, -3.9008671925384713)
[23:06:53] [Server thread/INFO]: mira37eli joined the game
[23:06:54] [Server thread/INFO]: mira37eli tried to swim in lava
[23:08:01] [Server thread/INFO]: mira37eli lost connection: Disconnected
[23:08:01] [Server thread/INFO]: mira37eli left the game
